<?xml version="1.0" encoding="UTF-8"?>
<!-- Generated by org.testng.reporters.JUnitReportReporter -->
<testsuite skipped="0" hostname="Harmeet-PC" name="IBMSelenium.com.learning.ABtest" tests="1" failures="0" timestamp="2021-02-15T19:11:27 IST" time="97.101" errors="0">
  <testcase name="f" time="97.101" classname="IBMSelenium.com.learning.ABtest"/>
  <system-out/>
</testsuite> <!-- IBMSelenium.com.learning.ABtest -->
